<?xml version="1.0" encoding="UTF-8"?>
<testsuite name="AS QA of the time zone mobile app" tests="1" skipped="0" failures="0" errors="0" timestamp="2022-08-31T20:43:17" hostname="PSOFKA01034" time="31.021">
  <properties/>
  <testcase name="Test that the capture of coordinates works when the access to the cell location has been granted" classname="AS QA of the time zone mobile app" time="31.021"/>
  <system-out><![CDATA[]]></system-out>
  <system-err><![CDATA[[Test worker] INFO io.cucumber.core.plugin.SerenityReporter - Running feature from file:///C:/Users/juan.osorio/Documents/juosori/Capacitacion%20moviles/Projects/timeZone/src/test/resources/features/CaptureCoordinates.feature
[Test worker] INFO  - 
  _____   ___   ___   _____     ___   _____     _     ___   _____   ___   ___  
 |_   _| | __| / __| |_   _|   / __| |_   _|   /_\   | _ \ |_   _| | __| |   \ 
   | |   | _|  \__ \   | |     \__ \   | |    / _ \  |   /   | |   | _|  | |) |
   |_|   |___| |___/   |_|     |___/   |_|   /_/ \_\ |_|_\   |_|   |___| |___/ 

Test that the capture of coordinates works when the access to the cell location has been granted(as-qa-of-the-time-zone-mobile-app;test-that-the-capture-of-coordinates-works-when-the-access-to-the-cell-location-has-been-granted)
--------------------------------------------------------------------------------
[Test worker] INFO  - 
  _____   ___   ___   _____     ___     _     ___   ___   ___   ___  
 |_   _| | __| / __| |_   _|   | _ \   /_\   / __| / __| | __| |   \ 
   | |   | _|  \__ \   | |     |  _/  / _ \  \__ \ \__ \ | _|  | |) |
   |_|   |___| |___/   |_|     |_|   /_/ \_\ |___/ |___/ |___| |___/ 

Test that the capture of coordinates works when the access to the cell location has been granted
----------------------------------------------------------------------
]]></system-err>
</testsuite>
